<?xml version="1.0" encoding="UTF-8"?>
<!-- Generated by org.testng.reporters.JUnitReportReporter -->
<testsuite hostname="LAPTOP-CC6D02LD" name="Driverfactory.Apputils" tests="1" failures="0" timestamp="14 Dec 2021 07:33:27 GMT" time="60.718" errors="0">
  <testcase name="loginfun" time="60.718" classname="Driverfactory.Apputils"/>
</testsuite> <!-- Driverfactory.Apputils -->
