<?xml version="1.0" encoding="UTF-8"?>
<!-- Generated by org.testng.reporters.JUnitReportReporter -->
<testsuite hostname="LAPTOP-CC6D02LD" name="Driverfactory.runapp" tests="1" failures="0" timestamp="11 Jan 2022 07:09:33 GMT" time="35.323" errors="0">
  <testcase name="runApplicationlogin" time="35.323" classname="Driverfactory.runapp"/>
</testsuite> <!-- Driverfactory.runapp -->
