<?xml version="1.0" encoding="UTF-8"?>
<!-- Generated by org.testng.reporters.JUnitReportReporter -->
<testsuite hostname="LAPTOP-CC6D02LD" name="Driverfactory.runtestapp2" tests="1" failures="0" timestamp="12 Jan 2022 12:48:52 GMT" time="45.154" errors="0">
  <testcase name="logintest" time="45.154" classname="Driverfactory.runtestapp2"/>
</testsuite> <!-- Driverfactory.runtestapp2 -->
