<?xml version="1.0" encoding="UTF-8"?>
<!-- Generated by org.testng.reporters.JUnitReportReporter -->
<testsuite hostname="LAPTOP-CC6D02LD" name="Runtest.Extentreports" tests="2" failures="0" timestamp="13 Jan 2022 11:15:53 GMT" time="0.010" errors="0">
  <testcase name="test2" time="0.001" classname="Runtest.Extentreports"/>
  <testcase name="test" time="0.009" classname="Runtest.Extentreports"/>
</testsuite> <!-- Runtest.Extentreports -->
